<?xml version="1.0" encoding="UTF-8"?>
<coverage generated="1500149533457" clover="3.2.0">
  <project timestamp="1500149533457" name="All files">
    <metrics statements="9" coveredstatements="8" conditionals="0" coveredconditionals="0" methods="5" coveredmethods="4" elements="14" coveredelements="12" complexity="0" loc="9" ncloc="9" packages="1" files="2" classes="2">
      <file name="Search.jsx" path="/Users/bhong/Projects/fem-reactjs-bholt/js/Search.jsx">
        <metrics statements="4" coveredstatements="4" conditionals="0" coveredconditionals="0" methods="4" coveredmethods="4"/>
        <line num="11" count="1" type="stmt"/>
        <line num="15" count="4" type="stmt"/>
        <line num="30" count="60" type="stmt"/>
        <line num="37" count="47" type="stmt"/>
      </file>
      <file name="ShowCard.jsx" path="/Users/bhong/Projects/fem-reactjs-bholt/js/ShowCard.jsx">
        <metrics statements="5" coveredstatements="4" conditionals="0" coveredconditionals="0" methods="1" coveredmethods="0"/>
        <line num="5" count="1" type="stmt"/>
        <line num="14" count="1" type="stmt"/>
        <line num="20" count="1" type="stmt"/>
        <line num="21" count="0" type="stmt"/>
        <line num="39" count="1" type="stmt"/>
      </file>
    </metrics>
  </project>
</coverage>
