TN:
SF:/Users/bhong/Projects/fem-reactjs-bholt/js/Search.jsx
FN:10,(anonymous_0)
FN:14,(anonymous_1)
FN:29,(anonymous_2)
FN:36,(anonymous_3)
FNF:4
FNH:4
FNDA:1,(anonymous_0)
FNDA:4,(anonymous_1)
FNDA:60,(anonymous_2)
FNDA:47,(anonymous_3)
DA:11,1
DA:15,4
DA:30,60
DA:37,47
LF:4
LH:4
BRF:0
BRH:0
end_of_record
TN:
SF:/Users/bhong/Projects/fem-reactjs-bholt/js/ShowCard.jsx
FN:20,(anonymous_0)
FNF:1
FNH:0
FNDA:0,(anonymous_0)
DA:5,1
DA:14,1
DA:20,1
DA:21,0
DA:39,1
LF:5
LH:4
BRF:0
BRH:0
end_of_record
